<?xml version="1.0" encoding="UTF-8"?>
<!-- Generated by org.testng.reporters.JUnitXMLReporter -->
<testsuite hostname="HW1388" name="Default test" tests="4" failures="0" timestamp="1 Aug 2017 09:24:30 GMT" time="0.214" errors="0">
  <testcase name="main" time="0.007" classname="com.phantomJs.test.DataDrivernTesting"/>
  <testcase name="main" time="0.001" classname="com.phantomJs.test.DataDrivernTesting"/>
  <testcase name="main" time="0.001" classname="com.phantomJs.test.DataDrivernTesting"/>
  <testcase name="main" time="0.001" classname="com.phantomJs.test.DataDrivernTesting"/>
</testsuite> <!-- Default test -->
