<?xml version="1.0" encoding="UTF-8"?>
<!-- Generated by org.testng.reporters.JUnitXMLReporter -->
<testsuite hostname="HW1388" name="Regression 1" tests="2" failures="1" timestamp="21 Jun 2017 07:27:11 GMT" time="75.421" errors="0">
  <testcase name="test1" time="41.131" classname="com.parallelExeExample.ParallelTest"/>
  <testcase name="test2" time="75.312" classname="com.parallelExeExample.ParallelTest">
    <failure type="org.openqa.selenium.WebDriverException" message="Failed to connect to binary FirefoxBinary(C:\Program Files (x86)\Mozilla Firefox\firefox.exe) on port 7055; process output follows: 
ue,&amp;quot;v&amp;quot;:&amp;quot;1.0.5&amp;quot;,&amp;quot;st&amp;quot;:1493897710713},&amp;quot;webcompat@mozilla.org&amp;quot;:{&amp;quot;d&amp;quot;:&amp;quot;C:\\Program Files (x86)\\Mozilla Firefox\\browser\\features\\webcompat@mozilla.org.xpi&amp;quot;,&amp;quot;e&amp;quot;:true,&amp;quot;v&amp;quot;:&amp;quot;1.0&amp;quot;,&amp;quot;st&amp;quot;:1493897710652}},&amp;quot;app-global&amp;quot;:{&amp;quot;{972ce4c6-7e08-4474-a285-3208198ce6fd}&amp;quot;:{&amp;quot;d&amp;quot;:&amp;quot;C:\\Program Files (x86)\\Mozilla Firefox\\browser\\extensions\\{972ce4c6-7e08-4474-a285-3208198ce6fd}.xpi&amp;quot;,&amp;quot;e&amp;quot;:true,&amp;quot;v&amp;quot;:&amp;quot;53.0&amp;quot;,&amp;quot;st&amp;quot;:1493897710743}},&amp;quot;winreg-app-global&amp;quot;:{&amp;quot;{cb40da56-497a-4add-955d-3377cae4c33b}&amp;quot;:{&amp;quot;d&amp;quot;:&amp;quot;C:\\Program Files (x86)\\McAfee\\Endpoint Security\\Web Control\\wcffplg.xpi&amp;quot;,&amp;quot;e&amp;quot;:false,&amp;quot;v&amp;quot;:&amp;quot;10.5.1.1018&amp;quot;,&amp;quot;st&amp;quot;:1485727148000}}}
1498029991323	addons.xpi	DEBUG	No changes found
1498029991330	addons.xpi	DEBUG	Registering manifest for C:\Program Files (x86)\Mozilla Firefox\browser\features\aushelper@mozilla.org.xpi
1498029991348	addons.xpi	DEBUG	Loading bootstrap scope from C:\Program Files (x86)\Mozilla Firefox\browser\features\aushelper@mozilla.org.xpi
1498029991353	addons.xpi	DEBUG	Calling bootstrap method startup on aushelper@mozilla.org version 2.0
1498029991355	addons.xpi	DEBUG	Registering manifest for C:\Program Files (x86)\Mozilla Firefox\browser\features\e10srollout@mozilla.org.xpi
1498029991356	addons.xpi	DEBUG	Loading bootstrap scope from C:\Program Files (x86)\Mozilla Firefox\browser\features\e10srollout@mozilla.org.xpi
1498029991359	addons.xpi	DEBUG	Calling bootstrap method startup on e10srollout@mozilla.org version 1.14
1498029991359	addons.xpi	DEBUG	Registering manifest for C:\Program Files (x86)\Mozilla Firefox\browser\features\firefox@getpocket.com.xpi
1498029991372	addons.xpi	DEBUG	Loading bootstrap scope from C:\Program Files (x86)\Mozilla Firefox\browser\features\firefox@getpocket.com.xpi
1498029991375	addons.xpi	DEBUG	Calling bootstrap method startup on firefox@getpocket.com version 1.0.5
1498029991380	addons.xpi-utils	DEBUG	Starting async load of XPI database C:\Users\E002466\AppData\Local\Temp\anonymous3819688625005298728webdriver-profile\extensions.json
1498029991381	addons.xpi	DEBUG	Registering manifest for C:\Program Files (x86)\Mozilla Firefox\browser\features\webcompat@mozilla.org.xpi
1498029991390	addons.xpi	DEBUG	Loading bootstrap scope from C:\Program Files (x86)\Mozilla Firefox\browser\features\webcompat@mozilla.org.xpi
1498029991392	addons.xpi	DEBUG	Calling bootstrap method startup on webcompat@mozilla.org version 1.0
1498029991393	addons.manager	DEBUG	Registering shutdown blocker for XPIProvider
1498029991394	addons.manager	DEBUG	Provider finished startup: XPIProvider
1498029991394	addons.manager	DEBUG	Starting provider: LightweightThemeManager
1498029991394	addons.manager	DEBUG	Registering shutdown blocker for LightweightThemeManager
1498029991394	addons.manager	DEBUG	Provider finished startup: LightweightThemeManager
1498029991395	addons.manager	DEBUG	Starting provider: GMPProvider
1498029991400	addons.manager	DEBUG	Registering shutdown blocker for GMPProvider
1498029991400	addons.manager	DEBUG	Provider finished startup: GMPProvider
1498029991400	addons.manager	DEBUG	Starting provider: PluginProvider
1498029991400	addons.manager	DEBUG	Registering shutdown blocker for PluginProvider
1498029991401	addons.manager	DEBUG	Provider finished startup: PluginProvider
1498029991401	addons.manager	DEBUG	Completed startup sequence
1498029992057	addons.xpi-utils	DEBUG	Async JSON file read took 0 MS
1498029992057	addons.xpi-utils	DEBUG	Finished async read of XPI database, parsing...
1498029992059	addons.xpi-utils	DEBUG	Successfully read XPI database
1498029992070	addons.manager	DEBUG	Starting provider: &amp;lt;unnamed-provider&amp;gt;
1498029992070	addons.manager	DEBUG	Registering shutdown blocker for &amp;lt;unnamed-provider&amp;gt;
1498029992070	addons.manager	DEBUG	Provider finished startup: &amp;lt;unnamed-provider&amp;gt;
*** Blocklist::_loadBlocklistFromFile: blocklist is disabled
1498029992166	addons.manager	DEBUG	Starting provider: PreviousExperimentProvider
1498029992166	addons.manager	DEBUG	Registering shutdown blocker for PreviousExperimentProvider
1498029992166	addons.manager	DEBUG	Provider finished startup: PreviousExperimentProvider

Build info: version: &amp;apos;2.45.0&amp;apos;, revision: &amp;apos;32a636c&amp;apos;, time: &amp;apos;2015-03-05 22:01:35&amp;apos;
System info: host: &amp;apos;HW1388&amp;apos;, ip: &amp;apos;172.16.8.25&amp;apos;, os.name: &amp;apos;Windows 7&amp;apos;, os.arch: &amp;apos;x86&amp;apos;, os.version: &amp;apos;6.1&amp;apos;, java.version: &amp;apos;1.8.0_121&amp;apos;
Driver info: driver.version: FirefoxDriver">
      <![CDATA[org.openqa.selenium.WebDriverException: Failed to connect to binary FirefoxBinary(C:\Program Files (x86)\Mozilla Firefox\firefox.exe) on port 7055; process output follows: 
ue,"v":"1.0.5","st":1493897710713},"webcompat@mozilla.org":{"d":"C:\\Program Files (x86)\\Mozilla Firefox\\browser\\features\\webcompat@mozilla.org.xpi","e":true,"v":"1.0","st":1493897710652}},"app-global":{"{972ce4c6-7e08-4474-a285-3208198ce6fd}":{"d":"C:\\Program Files (x86)\\Mozilla Firefox\\browser\\extensions\\{972ce4c6-7e08-4474-a285-3208198ce6fd}.xpi","e":true,"v":"53.0","st":1493897710743}},"winreg-app-global":{"{cb40da56-497a-4add-955d-3377cae4c33b}":{"d":"C:\\Program Files (x86)\\McAfee\\Endpoint Security\\Web Control\\wcffplg.xpi","e":false,"v":"10.5.1.1018","st":1485727148000}}}
1498029991323	addons.xpi	DEBUG	No changes found
1498029991330	addons.xpi	DEBUG	Registering manifest for C:\Program Files (x86)\Mozilla Firefox\browser\features\aushelper@mozilla.org.xpi
1498029991348	addons.xpi	DEBUG	Loading bootstrap scope from C:\Program Files (x86)\Mozilla Firefox\browser\features\aushelper@mozilla.org.xpi
1498029991353	addons.xpi	DEBUG	Calling bootstrap method startup on aushelper@mozilla.org version 2.0
1498029991355	addons.xpi	DEBUG	Registering manifest for C:\Program Files (x86)\Mozilla Firefox\browser\features\e10srollout@mozilla.org.xpi
1498029991356	addons.xpi	DEBUG	Loading bootstrap scope from C:\Program Files (x86)\Mozilla Firefox\browser\features\e10srollout@mozilla.org.xpi
1498029991359	addons.xpi	DEBUG	Calling bootstrap method startup on e10srollout@mozilla.org version 1.14
1498029991359	addons.xpi	DEBUG	Registering manifest for C:\Program Files (x86)\Mozilla Firefox\browser\features\firefox@getpocket.com.xpi
1498029991372	addons.xpi	DEBUG	Loading bootstrap scope from C:\Program Files (x86)\Mozilla Firefox\browser\features\firefox@getpocket.com.xpi
1498029991375	addons.xpi	DEBUG	Calling bootstrap method startup on firefox@getpocket.com version 1.0.5
1498029991380	addons.xpi-utils	DEBUG	Starting async load of XPI database C:\Users\E002466\AppData\Local\Temp\anonymous3819688625005298728webdriver-profile\extensions.json
1498029991381	addons.xpi	DEBUG	Registering manifest for C:\Program Files (x86)\Mozilla Firefox\browser\features\webcompat@mozilla.org.xpi
1498029991390	addons.xpi	DEBUG	Loading bootstrap scope from C:\Program Files (x86)\Mozilla Firefox\browser\features\webcompat@mozilla.org.xpi
1498029991392	addons.xpi	DEBUG	Calling bootstrap method startup on webcompat@mozilla.org version 1.0
1498029991393	addons.manager	DEBUG	Registering shutdown blocker for XPIProvider
1498029991394	addons.manager	DEBUG	Provider finished startup: XPIProvider
1498029991394	addons.manager	DEBUG	Starting provider: LightweightThemeManager
1498029991394	addons.manager	DEBUG	Registering shutdown blocker for LightweightThemeManager
1498029991394	addons.manager	DEBUG	Provider finished startup: LightweightThemeManager
1498029991395	addons.manager	DEBUG	Starting provider: GMPProvider
1498029991400	addons.manager	DEBUG	Registering shutdown blocker for GMPProvider
1498029991400	addons.manager	DEBUG	Provider finished startup: GMPProvider
1498029991400	addons.manager	DEBUG	Starting provider: PluginProvider
1498029991400	addons.manager	DEBUG	Registering shutdown blocker for PluginProvider
1498029991401	addons.manager	DEBUG	Provider finished startup: PluginProvider
1498029991401	addons.manager	DEBUG	Completed startup sequence
1498029992057	addons.xpi-utils	DEBUG	Async JSON file read took 0 MS
1498029992057	addons.xpi-utils	DEBUG	Finished async read of XPI database, parsing...
1498029992059	addons.xpi-utils	DEBUG	Successfully read XPI database
1498029992070	addons.manager	DEBUG	Starting provider: <unnamed-provider>
1498029992070	addons.manager	DEBUG	Registering shutdown blocker for <unnamed-provider>
1498029992070	addons.manager	DEBUG	Provider finished startup: <unnamed-provider>
*** Blocklist::_loadBlocklistFromFile: blocklist is disabled
1498029992166	addons.manager	DEBUG	Starting provider: PreviousExperimentProvider
1498029992166	addons.manager	DEBUG	Registering shutdown blocker for PreviousExperimentProvider
1498029992166	addons.manager	DEBUG	Provider finished startup: PreviousExperimentProvider

Build info: version: '2.45.0', revision: '32a636c', time: '2015-03-05 22:01:35'
System info: host: 'HW1388', ip: '172.16.8.25', os.name: 'Windows 7', os.arch: 'x86', os.version: '6.1', java.version: '1.8.0_121'
Driver info: driver.version: FirefoxDriver
	at org.openqa.selenium.firefox.internal.NewProfileExtensionConnection.start(NewProfileExtensionConnection.java:130)
	at org.openqa.selenium.firefox.FirefoxDriver.startClient(FirefoxDriver.java:246)
	at org.openqa.selenium.remote.RemoteWebDriver.<init>(RemoteWebDriver.java:114)
	at org.openqa.selenium.firefox.FirefoxDriver.<init>(FirefoxDriver.java:193)
	at org.openqa.selenium.firefox.FirefoxDriver.<init>(FirefoxDriver.java:186)
	at org.openqa.selenium.firefox.FirefoxDriver.<init>(FirefoxDriver.java:182)
	at org.openqa.selenium.firefox.FirefoxDriver.<init>(FirefoxDriver.java:95)
	at com.parallelExeExample.ParallelTest.test2(ParallelTest.java:27)
	at java.util.concurrent.ThreadPoolExecutor.runWorker(Unknown Source)
	at java.util.concurrent.ThreadPoolExecutor$Worker.run(Unknown Source)
	at java.lang.Thread.run(Unknown Source)
Caused by: org.openqa.selenium.firefox.NotConnectedException: Unable to connect to host 127.0.0.1 on port 7055 after 45000 ms. Firefox console output:
ue,"v":"1.0.5","st":1493897710713},"webcompat@mozilla.org":{"d":"C:\\Program Files (x86)\\Mozilla Firefox\\browser\\features\\webcompat@mozilla.org.xpi","e":true,"v":"1.0","st":1493897710652}},"app-global":{"{972ce4c6-7e08-4474-a285-3208198ce6fd}":{"d":"C:\\Program Files (x86)\\Mozilla Firefox\\browser\\extensions\\{972ce4c6-7e08-4474-a285-3208198ce6fd}.xpi","e":true,"v":"53.0","st":1493897710743}},"winreg-app-global":{"{cb40da56-497a-4add-955d-3377cae4c33b}":{"d":"C:\\Program Files (x86)\\McAfee\\Endpoint Security\\Web Control\\wcffplg.xpi","e":false,"v":"10.5.1.1018","st":1485727148000}}}
1498029991323	addons.xpi	DEBUG	No changes found
1498029991330	addons.xpi	DEBUG	Registering manifest for C:\Program Files (x86)\Mozilla Firefox\browser\features\aushelper@mozilla.org.xpi
1498029991348	addons.xpi	DEBUG	Loading bootstrap scope from C:\Program Files (x86)\Mozilla Firefox\browser\features\aushelper@mozilla.org.xpi
1498029991353	addons.xpi	DEBUG	Calling bootstrap method startup on aushelper@mozilla.org version 2.0
1498029991355	addons.xpi	DEBUG	Registering manifest for C:\Program Files (x86)\Mozilla Firefox\browser\features\e10srollout@mozilla.org.xpi
1498029991356	addons.xpi	DEBUG	Loading bootstrap scope from C:\Program Files (x86)\Mozilla Firefox\browser\features\e10srollout@mozilla.org.xpi
1498029991359	addons.xpi	DEBUG	Calling bootstrap method startup on e10srollout@mozilla.org version 1.14
1498029991359	addons.xpi	DEBUG	Registering manifest for C:\Program Files (x86)\Mozilla Firefox\browser\features\firefox@getpocket.com.xpi
1498029991372	addons.xpi	DEBUG	Loading bootstrap scope from C:\Program Files (x86)\Mozilla Firefox\browser\features\firefox@getpocket.com.xpi
1498029991375	addons.xpi	DEBUG	Calling bootstrap method startup on firefox@getpocket.com version 1.0.5
1498029991380	addons.xpi-utils	DEBUG	Starting async load of XPI database C:\Users\E002466\AppData\Local\Temp\anonymous3819688625005298728webdriver-profile\extensions.json
1498029991381	addons.xpi	DEBUG	Registering manifest for C:\Program Files (x86)\Mozilla Firefox\browser\features\webcompat@mozilla.org.xpi
1498029991390	addons.xpi	DEBUG	Loading bootstrap scope from C:\Program Files (x86)\Mozilla Firefox\browser\features\webcompat@mozilla.org.xpi
1498029991392	addons.xpi	DEBUG	Calling bootstrap method startup on webcompat@mozilla.org version 1.0
1498029991393	addons.manager	DEBUG	Registering shutdown blocker for XPIProvider
1498029991394	addons.manager	DEBUG	Provider finished startup: XPIProvider
1498029991394	addons.manager	DEBUG	Starting provider: LightweightThemeManager
1498029991394	addons.manager	DEBUG	Registering shutdown blocker for LightweightThemeManager
1498029991394	addons.manager	DEBUG	Provider finished startup: LightweightThemeManager
1498029991395	addons.manager	DEBUG	Starting provider: GMPProvider
1498029991400	addons.manager	DEBUG	Registering shutdown blocker for GMPProvider
1498029991400	addons.manager	DEBUG	Provider finished startup: GMPProvider
1498029991400	addons.manager	DEBUG	Starting provider: PluginProvider
1498029991400	addons.manager	DEBUG	Registering shutdown blocker for PluginProvider
1498029991401	addons.manager	DEBUG	Provider finished startup: PluginProvider
1498029991401	addons.manager	DEBUG	Completed startup sequence
1498029992057	addons.xpi-utils	DEBUG	Async JSON file read took 0 MS
1498029992057	addons.xpi-utils	DEBUG	Finished async read of XPI database, parsing...
1498029992059	addons.xpi-utils	DEBUG	Successfully read XPI database
1498029992070	addons.manager	DEBUG	Starting provider: <unnamed-provider>
1498029992070	addons.manager	DEBUG	Registering shutdown blocker for <unnamed-provider>
1498029992070	addons.manager	DEBUG	Provider finished startup: <unnamed-provider>
*** Blocklist::_loadBlocklistFromFile: blocklist is disabled
1498029992166	addons.manager	DEBUG	Starting provider: PreviousExperimentProvider
1498029992166	addons.manager	DEBUG	Registering shutdown blocker for PreviousExperimentProvider
1498029992166	addons.manager	DEBUG	Provider finished startup: PreviousExperimentProvider

	at org.openqa.selenium.firefox.internal.NewProfileExtensionConnection.start(NewProfileExtensionConnection.java:118)
	... 20 more
... Removed 10 stack frames]]>
    </failure>
  </testcase> <!-- test2 -->
</testsuite> <!-- Regression 1 -->
