<?xml version="1.0" encoding="UTF-8"?>
<!-- Generated by org.testng.reporters.JUnitXMLReporter -->
<testsuite hostname="HW1388" name="test" tests="4" failures="1" timestamp="4 Apr 2017 10:10:23 GMT" time="14.828" errors="0">
  <testcase name="verifyLoginPageText" time="6.668" classname="com.pack.test.TestNGExampleTests"/>
  <testcase name="verifyForgotPasswordPage" time="2.195" classname="com.pack.test.TestNGExampleTests">
    <skipped/>
  </testcase> <!-- verifyForgotPasswordPage -->
  <testcase name="verifyForgotPasswordPage" time="1.259" classname="com.pack.test.TestNGExampleTests">
    <skipped/>
  </testcase> <!-- verifyForgotPasswordPage -->
  <testcase name="verifyForgotPasswordPage" time="0.879" classname="com.pack.test.TestNGExampleTests">
    <failure type="java.lang.AssertionError" message="expected [Wrong text] but found [Email or phone]">
      <![CDATA[java.lang.AssertionError: expected [Wrong text] but found [Email or phone]
	at com.pack.test.TestNGExampleTests.verifyForgotPasswordPage(TestNGExampleTests.java:41)
... Removed 29 stack frames]]>
    </failure>
  </testcase> <!-- verifyForgotPasswordPage -->
</testsuite> <!-- test -->
