<?xml version="1.0" encoding="UTF-8"?>
<!-- Generated by org.testng.reporters.JUnitXMLReporter -->
<testsuite hostname="HW1388" name="test(failed)" tests="3" failures="1" timestamp="4 Apr 2017 10:12:45 GMT" time="11.267" errors="0">
  <testcase name="verifyForgotPasswordPage" time="4.324" classname="com.pack.test.TestNGExampleTests">
    <skipped/>
  </testcase> <!-- verifyForgotPasswordPage -->
  <testcase name="verifyForgotPasswordPage" time="1.028" classname="com.pack.test.TestNGExampleTests">
    <skipped/>
  </testcase> <!-- verifyForgotPasswordPage -->
  <testcase name="verifyForgotPasswordPage" time="2.057" classname="com.pack.test.TestNGExampleTests">
    <failure type="java.lang.AssertionError" message="expected [Wrong text] but found [Email or phone]">
      <![CDATA[java.lang.AssertionError: expected [Wrong text] but found [Email or phone]
	at com.pack.test.TestNGExampleTests.verifyForgotPasswordPage(TestNGExampleTests.java:41)
... Removed 29 stack frames]]>
    </failure>
  </testcase> <!-- verifyForgotPasswordPage -->
</testsuite> <!-- test(failed) -->
